<?xml version="1.0" encoding="UTF-8"?>
<!-- Generated by org.testng.reporters.JUnitXMLReporter -->
<testsuite ignored="0" hostname="DESKTOP-2I8GNNP" failures="0" tests="1" name="Watchlist Testcases" time="0.571" errors="0" timestamp="2024-01-08T14:37:02 IST">
  <testcase classname="com.alramz.qa.testcases.loginTestcases.CustomerLoginTest" name="@BeforeMethod initializeDriver" time="0.007">
    <failure type="java.net.MalformedURLException" message="no protocol: //https://null:null@hub-cloud.browserstack.com/wd/hub">
      <![CDATA[java.net.MalformedURLException: no protocol: //https://null:null@hub-cloud.browserstack.com/wd/hub
at java.base/java.net.URL.<init>(URL.java:674)
at java.base/java.net.URL.<init>(URL.java:569)
at java.base/java.net.URL.<init>(URL.java:516)
at com.alramz.qa.base.TestBase.initialization(TestBase.java:158)
at com.alramz.qa.testcases.loginTestcases.CustomerLoginTest.initializeDriver(CustomerLoginTest.java:21)
at java.base/java.util.ArrayList.forEach(ArrayList.java:1511)
... Removed 31 stack frames]]>
    </failure>
  </testcase> <!-- @BeforeMethod initializeDriver -->
  <testcase classname="com.alramz.qa.testcases.loginTestcases.CustomerLoginTest" name="@AfterMethod logout" time="0.0">
    <skipped/>
  </testcase> <!-- @AfterMethod logout -->
  <testcase classname="com.alramz.qa.testcases.loginTestcases.CustomerLoginTest" name="verifyCustomerLoginTest" time="0.001">
    <skipped/>
  </testcase> <!-- verifyCustomerLoginTest -->
</testsuite> <!-- Watchlist Testcases -->
