<?xml version="1.0" encoding="UTF-8"?>
<testng-results ignored="0" total="1" passed="1" failed="0" skipped="0">
  <reporter-output>
  </reporter-output>
  <suite started-at="2024-01-08T15:33:27 IST" name="Default suite" finished-at="2024-01-08T15:34:11 IST" duration-ms="43822">
    <groups>
    </groups>
    <test started-at="2024-01-08T15:33:27 IST" name="Default test" finished-at="2024-01-08T15:34:11 IST" duration-ms="43822">
      <class name="com.alramz.qa.testcases.loginTestcases.CustomerLoginTest">
        <test-method is-config="true" signature="setUpSuite()[pri:0, instance:com.alramz.qa.testcases.loginTestcases.CustomerLoginTest@1040be71]" started-at="2024-01-08T15:33:27 IST" name="setUpSuite" finished-at="2024-01-08T15:33:27 IST" duration-ms="234" status="PASS">
          <reporter-output>
          </reporter-output>
        </test-method> <!-- setUpSuite -->
        <test-method is-config="true" signature="initializeDriver()[pri:0, instance:com.alramz.qa.testcases.loginTestcases.CustomerLoginTest@1040be71]" started-at="2024-01-08T15:33:27 IST" name="initializeDriver" finished-at="2024-01-08T15:33:35 IST" duration-ms="7835" status="PASS">
          <reporter-output>
          </reporter-output>
        </test-method> <!-- initializeDriver -->
        <test-method signature="verifyCustomerLoginTest(java.lang.String,java.lang.String,java.lang.String)[pri:0, instance:com.alramz.qa.testcases.loginTestcases.CustomerLoginTest@1040be71]" started-at="2024-01-08T15:33:35 IST" name="verifyCustomerLoginTest" data-provider="getTestData" finished-at="2024-01-08T15:34:10 IST" duration-ms="34921" status="PASS">
          <params>
            <param index="0">
              <value>
                <![CDATA[YES]]>
              </value>
            </param>
            <param index="1">
              <value>
                <![CDATA[Sourav1234]]>
              </value>
            </param>
            <param index="2">
              <value>
                <![CDATA[Alramz@2040]]>
              </value>
            </param>
          </params>
          <reporter-output>
          </reporter-output>
        </test-method> <!-- verifyCustomerLoginTest -->
        <test-method is-config="true" signature="logout()[pri:0, instance:com.alramz.qa.testcases.loginTestcases.CustomerLoginTest@1040be71]" started-at="2024-01-08T15:34:10 IST" name="logout" finished-at="2024-01-08T15:34:11 IST" duration-ms="666" status="PASS">
          <reporter-output>
          </reporter-output>
        </test-method> <!-- logout -->
      </class> <!-- com.alramz.qa.testcases.loginTestcases.CustomerLoginTest -->
    </test> <!-- Default test -->
  </suite> <!-- Default suite -->
</testng-results>
